[0.317s] DEBUG:colcon:Command line arguments: ['/usr/bin/colcon', 'build']
[0.317s] DEBUG:colcon:Parsed command line arguments: Namespace(log_base=None, log_level=None, verb_name='build', build_base='build', install_base='install', merge_install=False, symlink_install=False, test_result_base=None, continue_on_error=False, executor='parallel', parallel_workers=16, event_handlers=None, ignore_user_meta=False, metas=['./colcon.meta'], base_paths=['.'], packages_ignore=None, packages_ignore_regex=None, paths=None, packages_up_to=None, packages_up_to_regex=None, packages_above=None, packages_above_and_dependencies=None, packages_above_depth=None, packages_select_by_dep=None, packages_skip_by_dep=None, packages_skip_up_to=None, packages_select_build_failed=False, packages_skip_build_finished=False, packages_select_test_failures=False, packages_skip_test_passed=False, packages_select=None, packages_skip=None, packages_select_regex=None, packages_skip_regex=None, packages_start=None, packages_end=None, allow_overriding=[], cmake_args=None, cmake_target=None, cmake_target_skip_unavailable=False, cmake_clean_cache=False, cmake_clean_first=False, cmake_force_configure=False, ament_cmake_args=None, catkin_cmake_args=None, catkin_skip_building_tests=False, verb_parser=<colcon_defaults.argument_parser.defaults.DefaultArgumentsDecorator object at 0x7f041da68a30>, verb_extension=<colcon_core.verb.build.BuildVerb object at 0x7f041db96080>, main=<bound method BuildVerb.main of <colcon_core.verb.build.BuildVerb object at 0x7f041db96080>>)
[0.341s] Level 1:colcon.colcon_core.package_discovery:discover_packages(colcon_meta) check parameters
[0.341s] Level 1:colcon.colcon_core.package_discovery:discover_packages(recursive) check parameters
[0.341s] Level 1:colcon.colcon_core.package_discovery:discover_packages(ignore) check parameters
[0.341s] Level 1:colcon.colcon_core.package_discovery:discover_packages(path) check parameters
[0.341s] Level 1:colcon.colcon_core.package_discovery:discover_packages(colcon_meta) discover
[0.341s] Level 1:colcon.colcon_core.package_discovery:discover_packages(recursive) discover
[0.341s] INFO:colcon.colcon_core.package_discovery:Crawling recursively for packages in '/home/arturomurra/FundamentacionRob/src/signal_challenge'
[0.341s] Level 1:colcon.colcon_core.package_identification:_identify(.) by extensions ['ignore', 'ignore_ament_install']
[0.341s] Level 1:colcon.colcon_core.package_identification:_identify(.) by extension 'ignore'
[0.341s] Level 1:colcon.colcon_core.package_identification:_identify(.) by extension 'ignore_ament_install'
[0.341s] Level 1:colcon.colcon_core.package_identification:_identify(.) by extensions ['colcon_pkg']
[0.341s] Level 1:colcon.colcon_core.package_identification:_identify(.) by extension 'colcon_pkg'
[0.341s] Level 1:colcon.colcon_core.package_identification:_identify(.) by extensions ['colcon_meta']
[0.341s] Level 1:colcon.colcon_core.package_identification:_identify(.) by extension 'colcon_meta'
[0.341s] Level 1:colcon.colcon_core.package_identification:_identify(.) by extensions ['ros']
[0.341s] Level 1:colcon.colcon_core.package_identification:_identify(.) by extension 'ros'
[0.365s] DEBUG:colcon.colcon_core.package_identification:Package '.' with type 'ros.ament_python' and name 'signal_challenge'
[0.365s] Level 1:colcon.colcon_core.package_discovery:discover_packages(recursive) using defaults
[0.366s] Level 1:colcon.colcon_core.package_discovery:discover_packages(ignore) discover
[0.366s] Level 1:colcon.colcon_core.package_discovery:discover_packages(ignore) using defaults
[0.366s] Level 1:colcon.colcon_core.package_discovery:discover_packages(path) discover
[0.366s] Level 1:colcon.colcon_core.package_discovery:discover_packages(path) using defaults
[0.397s] Level 1:colcon.colcon_core.package_discovery:discover_packages(prefix_path) check parameters
[0.397s] Level 1:colcon.colcon_core.package_discovery:discover_packages(prefix_path) discover
[0.407s] DEBUG:colcon.colcon_installed_package_information.package_discovery:Found 75 installed packages in /home/arturomurra/ros2_ws/src/ros2_computer_vision/install
[0.411s] DEBUG:colcon.colcon_installed_package_information.package_discovery:Found 101 installed packages in /home/arturomurra/ros2_ir/install
[0.416s] DEBUG:colcon.colcon_installed_package_information.package_discovery:Found 101 installed packages in /home/arturomurra/ros2_ir/src/install
[0.427s] DEBUG:colcon.colcon_installed_package_information.package_discovery:Found 414 installed packages in /opt/ros/humble
[0.430s] Level 1:colcon.colcon_core.package_discovery:discover_packages(prefix_path) using defaults
[0.502s] Level 5:colcon.colcon_core.verb:set package 'signal_challenge' build argument 'cmake_args' from command line to 'None'
[0.502s] Level 5:colcon.colcon_core.verb:set package 'signal_challenge' build argument 'cmake_target' from command line to 'None'
[0.502s] Level 5:colcon.colcon_core.verb:set package 'signal_challenge' build argument 'cmake_target_skip_unavailable' from command line to 'False'
[0.502s] Level 5:colcon.colcon_core.verb:set package 'signal_challenge' build argument 'cmake_clean_cache' from command line to 'False'
[0.502s] Level 5:colcon.colcon_core.verb:set package 'signal_challenge' build argument 'cmake_clean_first' from command line to 'False'
[0.502s] Level 5:colcon.colcon_core.verb:set package 'signal_challenge' build argument 'cmake_force_configure' from command line to 'False'
[0.502s] Level 5:colcon.colcon_core.verb:set package 'signal_challenge' build argument 'ament_cmake_args' from command line to 'None'
[0.502s] Level 5:colcon.colcon_core.verb:set package 'signal_challenge' build argument 'catkin_cmake_args' from command line to 'None'
[0.502s] Level 5:colcon.colcon_core.verb:set package 'signal_challenge' build argument 'catkin_skip_building_tests' from command line to 'False'
[0.502s] DEBUG:colcon.colcon_core.verb:Building package 'signal_challenge' with the following arguments: {'ament_cmake_args': None, 'build_base': '/home/arturomurra/FundamentacionRob/src/signal_challenge/build/signal_challenge', 'catkin_cmake_args': None, 'catkin_skip_building_tests': False, 'cmake_args': None, 'cmake_clean_cache': False, 'cmake_clean_first': False, 'cmake_force_configure': False, 'cmake_target': None, 'cmake_target_skip_unavailable': False, 'install_base': '/home/arturomurra/FundamentacionRob/src/signal_challenge/install/signal_challenge', 'merge_install': False, 'path': '/home/arturomurra/FundamentacionRob/src/signal_challenge', 'symlink_install': False, 'test_result_base': None}
[0.503s] INFO:colcon.colcon_core.executor:Executing jobs using 'parallel' executor
[0.505s] DEBUG:colcon.colcon_parallel_executor.executor.parallel:run_until_complete
[0.505s] INFO:colcon.colcon_ros.task.ament_python.build:Building ROS package in '/home/arturomurra/FundamentacionRob/src/signal_challenge' with build type 'ament_python'
[0.506s] Level 1:colcon.colcon_core.shell:create_environment_hook('signal_challenge', 'ament_prefix_path')
[0.510s] INFO:colcon.colcon_core.plugin_system:Skipping extension 'colcon_core.shell.bat': Not used on non-Windows systems
[0.510s] INFO:colcon.colcon_core.shell:Creating environment hook '/home/arturomurra/FundamentacionRob/src/signal_challenge/install/signal_challenge/share/signal_challenge/hook/ament_prefix_path.ps1'
[0.511s] INFO:colcon.colcon_core.shell:Creating environment descriptor '/home/arturomurra/FundamentacionRob/src/signal_challenge/install/signal_challenge/share/signal_challenge/hook/ament_prefix_path.dsv'
[0.511s] INFO:colcon.colcon_core.shell:Creating environment hook '/home/arturomurra/FundamentacionRob/src/signal_challenge/install/signal_challenge/share/signal_challenge/hook/ament_prefix_path.sh'
[0.512s] INFO:colcon.colcon_core.shell:Skip shell extension 'powershell' for command environment: Not usable outside of PowerShell
[0.512s] DEBUG:colcon.colcon_core.shell:Skip shell extension 'dsv' for command environment
[0.807s] INFO:colcon.colcon_core.task.python.build:Building Python package in '/home/arturomurra/FundamentacionRob/src/signal_challenge'
[0.809s] INFO:colcon.colcon_core.shell:Skip shell extension 'powershell' for command environment: Not usable outside of PowerShell
[0.809s] DEBUG:colcon.colcon_core.shell:Skip shell extension 'dsv' for command environment
[1.208s] DEBUG:colcon.colcon_core.event_handler.log_command:Invoking command in '/home/arturomurra/FundamentacionRob/src/signal_challenge': PYTHONPATH=/home/arturomurra/FundamentacionRob/src/signal_challenge/build/signal_challenge/prefix_override:/home/arturomurra/FundamentacionRob/src/signal_challenge/install/signal_challenge/lib/python3.10/site-packages:${PYTHONPATH} /usr/bin/python3 setup.py egg_info --egg-base build/signal_challenge build --build-base /home/arturomurra/FundamentacionRob/src/signal_challenge/build/signal_challenge/build install --record /home/arturomurra/FundamentacionRob/src/signal_challenge/build/signal_challenge/install.log --single-version-externally-managed
[1.524s] DEBUG:colcon.colcon_core.event_handler.log_command:Invoked command in '/home/arturomurra/FundamentacionRob/src/signal_challenge' returned '0': PYTHONPATH=/home/arturomurra/FundamentacionRob/src/signal_challenge/build/signal_challenge/prefix_override:/home/arturomurra/FundamentacionRob/src/signal_challenge/install/signal_challenge/lib/python3.10/site-packages:${PYTHONPATH} /usr/bin/python3 setup.py egg_info --egg-base build/signal_challenge build --build-base /home/arturomurra/FundamentacionRob/src/signal_challenge/build/signal_challenge/build install --record /home/arturomurra/FundamentacionRob/src/signal_challenge/build/signal_challenge/install.log --single-version-externally-managed
[1.528s] Level 1:colcon.colcon_core.environment:checking '/home/arturomurra/FundamentacionRob/src/signal_challenge/install/signal_challenge' for CMake module files
[1.528s] Level 1:colcon.colcon_core.environment:checking '/home/arturomurra/FundamentacionRob/src/signal_challenge/install/signal_challenge' for CMake config files
[1.529s] Level 1:colcon.colcon_core.environment:checking '/home/arturomurra/FundamentacionRob/src/signal_challenge/install/signal_challenge/lib'
[1.529s] Level 1:colcon.colcon_core.environment:checking '/home/arturomurra/FundamentacionRob/src/signal_challenge/install/signal_challenge/bin'
[1.529s] Level 1:colcon.colcon_core.environment:checking '/home/arturomurra/FundamentacionRob/src/signal_challenge/install/signal_challenge/lib/pkgconfig/signal_challenge.pc'
[1.529s] Level 1:colcon.colcon_core.environment:checking '/home/arturomurra/FundamentacionRob/src/signal_challenge/install/signal_challenge/lib/python3.10/site-packages'
[1.529s] Level 1:colcon.colcon_core.shell:create_environment_hook('signal_challenge', 'pythonpath')
[1.530s] INFO:colcon.colcon_core.shell:Creating environment hook '/home/arturomurra/FundamentacionRob/src/signal_challenge/install/signal_challenge/share/signal_challenge/hook/pythonpath.ps1'
[1.531s] INFO:colcon.colcon_core.shell:Creating environment descriptor '/home/arturomurra/FundamentacionRob/src/signal_challenge/install/signal_challenge/share/signal_challenge/hook/pythonpath.dsv'
[1.531s] INFO:colcon.colcon_core.shell:Creating environment hook '/home/arturomurra/FundamentacionRob/src/signal_challenge/install/signal_challenge/share/signal_challenge/hook/pythonpath.sh'
[1.531s] Level 1:colcon.colcon_core.environment:checking '/home/arturomurra/FundamentacionRob/src/signal_challenge/install/signal_challenge/bin'
[1.531s] Level 1:colcon.colcon_core.environment:create_environment_scripts_only(signal_challenge)
[1.532s] INFO:colcon.colcon_core.shell:Creating package script '/home/arturomurra/FundamentacionRob/src/signal_challenge/install/signal_challenge/share/signal_challenge/package.ps1'
[1.533s] INFO:colcon.colcon_core.shell:Creating package descriptor '/home/arturomurra/FundamentacionRob/src/signal_challenge/install/signal_challenge/share/signal_challenge/package.dsv'
[1.533s] INFO:colcon.colcon_core.shell:Creating package script '/home/arturomurra/FundamentacionRob/src/signal_challenge/install/signal_challenge/share/signal_challenge/package.sh'
[1.534s] INFO:colcon.colcon_core.shell:Creating package script '/home/arturomurra/FundamentacionRob/src/signal_challenge/install/signal_challenge/share/signal_challenge/package.bash'
[1.534s] INFO:colcon.colcon_core.shell:Creating package script '/home/arturomurra/FundamentacionRob/src/signal_challenge/install/signal_challenge/share/signal_challenge/package.zsh'
[1.535s] Level 1:colcon.colcon_core.environment:create_file_with_runtime_dependencies(/home/arturomurra/FundamentacionRob/src/signal_challenge/install/signal_challenge/share/colcon-core/packages/signal_challenge)
[1.535s] DEBUG:colcon.colcon_parallel_executor.executor.parallel:closing loop
[1.535s] DEBUG:colcon.colcon_parallel_executor.executor.parallel:loop closed
[1.535s] DEBUG:colcon.colcon_parallel_executor.executor.parallel:run_until_complete finished with '0'
[1.535s] DEBUG:colcon.colcon_core.event_reactor:joining thread
[1.541s] INFO:colcon.colcon_core.plugin_system:Skipping extension 'colcon_notification.desktop_notification.terminal_notifier': Not used on non-Darwin systems
[1.542s] INFO:colcon.colcon_core.plugin_system:Skipping extension 'colcon_notification.desktop_notification.win32': Not used on non-Windows systems
[1.542s] INFO:colcon.colcon_notification.desktop_notification:Sending desktop notification using 'notify2'
[1.550s] DEBUG:colcon.colcon_core.event_reactor:joined thread
[1.552s] INFO:colcon.colcon_core.shell:Creating prefix script '/home/arturomurra/FundamentacionRob/src/signal_challenge/install/local_setup.ps1'
[1.552s] INFO:colcon.colcon_core.shell:Creating prefix util module '/home/arturomurra/FundamentacionRob/src/signal_challenge/install/_local_setup_util_ps1.py'
[1.553s] INFO:colcon.colcon_core.shell:Creating prefix chain script '/home/arturomurra/FundamentacionRob/src/signal_challenge/install/setup.ps1'
[1.569s] INFO:colcon.colcon_core.shell:Creating prefix script '/home/arturomurra/FundamentacionRob/src/signal_challenge/install/local_setup.sh'
[1.570s] INFO:colcon.colcon_core.shell:Creating prefix util module '/home/arturomurra/FundamentacionRob/src/signal_challenge/install/_local_setup_util_sh.py'
[1.570s] INFO:colcon.colcon_core.shell:Creating prefix chain script '/home/arturomurra/FundamentacionRob/src/signal_challenge/install/setup.sh'
[1.579s] INFO:colcon.colcon_core.shell:Creating prefix script '/home/arturomurra/FundamentacionRob/src/signal_challenge/install/local_setup.bash'
[1.579s] INFO:colcon.colcon_core.shell:Creating prefix chain script '/home/arturomurra/FundamentacionRob/src/signal_challenge/install/setup.bash'
[1.587s] INFO:colcon.colcon_core.shell:Creating prefix script '/home/arturomurra/FundamentacionRob/src/signal_challenge/install/local_setup.zsh'
[1.588s] INFO:colcon.colcon_core.shell:Creating prefix chain script '/home/arturomurra/FundamentacionRob/src/signal_challenge/install/setup.zsh'
