running egg_info
creating build/signal_challenge/signal_challenge.egg-info
writing build/signal_challenge/signal_challenge.egg-info/PKG-INFO
writing dependency_links to build/signal_challenge/signal_challenge.egg-info/dependency_links.txt
writing entry points to build/signal_challenge/signal_challenge.egg-info/entry_points.txt
writing requirements to build/signal_challenge/signal_challenge.egg-info/requires.txt
writing top-level names to build/signal_challenge/signal_challenge.egg-info/top_level.txt
writing manifest file 'build/signal_challenge/signal_challenge.egg-info/SOURCES.txt'
reading manifest file 'build/signal_challenge/signal_challenge.egg-info/SOURCES.txt'
adding license file 'LICENSE'
writing manifest file 'build/signal_challenge/signal_challenge.egg-info/SOURCES.txt'
running build
running build_py
creating /home/arturomurra/FundamentacionRob/src/signal_challenge/build/signal_challenge/build
creating /home/arturomurra/FundamentacionRob/src/signal_challenge/build/signal_challenge/build/lib
creating /home/arturomurra/FundamentacionRob/src/signal_challenge/build/signal_challenge/build/lib/signal_challenge
copying signal_challenge/__init__.py -> /home/arturomurra/FundamentacionRob/src/signal_challenge/build/signal_challenge/build/lib/signal_challenge
copying signal_challenge/signal_reconstruction.py -> /home/arturomurra/FundamentacionRob/src/signal_challenge/build/signal_challenge/build/lib/signal_challenge
copying signal_challenge/signal_generator.py -> /home/arturomurra/FundamentacionRob/src/signal_challenge/build/signal_challenge/build/lib/signal_challenge
running install
/usr/lib/python3/dist-packages/setuptools/command/install.py:34: SetuptoolsDeprecationWarning: setup.py install is deprecated. Use build and pip and other standards-based tools.
  warnings.warn(
running install_lib
creating /home/arturomurra/FundamentacionRob/src/signal_challenge/install/signal_challenge/lib/python3.10/site-packages/signal_challenge
copying /home/arturomurra/FundamentacionRob/src/signal_challenge/build/signal_challenge/build/lib/signal_challenge/__init__.py -> /home/arturomurra/FundamentacionRob/src/signal_challenge/install/signal_challenge/lib/python3.10/site-packages/signal_challenge
copying /home/arturomurra/FundamentacionRob/src/signal_challenge/build/signal_challenge/build/lib/signal_challenge/signal_reconstruction.py -> /home/arturomurra/FundamentacionRob/src/signal_challenge/install/signal_challenge/lib/python3.10/site-packages/signal_challenge
copying /home/arturomurra/FundamentacionRob/src/signal_challenge/build/signal_challenge/build/lib/signal_challenge/signal_generator.py -> /home/arturomurra/FundamentacionRob/src/signal_challenge/install/signal_challenge/lib/python3.10/site-packages/signal_challenge
byte-compiling /home/arturomurra/FundamentacionRob/src/signal_challenge/install/signal_challenge/lib/python3.10/site-packages/signal_challenge/__init__.py to __init__.cpython-310.pyc
byte-compiling /home/arturomurra/FundamentacionRob/src/signal_challenge/install/signal_challenge/lib/python3.10/site-packages/signal_challenge/signal_reconstruction.py to signal_reconstruction.cpython-310.pyc
byte-compiling /home/arturomurra/FundamentacionRob/src/signal_challenge/install/signal_challenge/lib/python3.10/site-packages/signal_challenge/signal_generator.py to signal_generator.cpython-310.pyc
running install_data
creating /home/arturomurra/FundamentacionRob/src/signal_challenge/install/signal_challenge/share/ament_index
creating /home/arturomurra/FundamentacionRob/src/signal_challenge/install/signal_challenge/share/ament_index/resource_index
creating /home/arturomurra/FundamentacionRob/src/signal_challenge/install/signal_challenge/share/ament_index/resource_index/packages
copying resource/signal_challenge -> /home/arturomurra/FundamentacionRob/src/signal_challenge/install/signal_challenge/share/ament_index/resource_index/packages
copying package.xml -> /home/arturomurra/FundamentacionRob/src/signal_challenge/install/signal_challenge/share/signal_challenge
running install_egg_info
Copying build/signal_challenge/signal_challenge.egg-info to /home/arturomurra/FundamentacionRob/src/signal_challenge/install/signal_challenge/lib/python3.10/site-packages/signal_challenge-0.0.0-py3.10.egg-info
running install_scripts
Installing signal_generator script to /home/arturomurra/FundamentacionRob/src/signal_challenge/install/signal_challenge/lib/signal_challenge
Installing signal_reconstruction script to /home/arturomurra/FundamentacionRob/src/signal_challenge/install/signal_challenge/lib/signal_challenge
writing list of installed files to '/home/arturomurra/FundamentacionRob/src/signal_challenge/build/signal_challenge/install.log'
